

*******************************************************************************
Tue May  8 04:01:22 2018


FIT:    data read from 'sdf'
        format = z
        #datapoints = 3340
        residuals are weighted equally (unit weight)

function used for fitting: f(x)
	f(x)=a+b*x
fitted parameters initialized with current variable values

iter      chisq       delta/lim  lambda   a             b            
   0 1.1467142094e+10   0.00e+00  1.36e+03    1.000000e+00   1.000000e+00
   6 2.1477792853e+04  -1.66e-09  1.36e-03    7.728287e+01   4.846306e-03

After 6 iterations the fit converged.
final sum of squares of residuals : 21477.8
rel. change during last iteration : -1.65996e-14

degrees of freedom    (FIT_NDF)                        : 3338
rms of residuals      (FIT_STDFIT) = sqrt(WSSR/ndf)    : 2.5366
variance of residuals (reduced chisquare) = WSSR/ndf   : 6.43433

Final set of parameters            Asymptotic Standard Error
=======================            ==========================
a               = 77.2829          +/- 0.08776      (0.1136%)
b               = 0.00484631       +/- 4.552e-05    (0.9393%)

correlation matrix of the fit parameters:
                a      b      
a               1.000 
b              -0.866  1.000 


*******************************************************************************
Tue May  8 04:01:27 2018


FIT:    data read from 'sdf'
        format = z
        #datapoints = 3340
        residuals are weighted equally (unit weight)

function used for fitting: f(x)
	f(x)=a+b*x
fitted parameters initialized with current variable values

iter      chisq       delta/lim  lambda   a             b            
   0 1.1513262155e+10   0.00e+00  1.36e+03    1.000000e+00   1.000000e+00
   6 2.4228241295e+04  -1.31e-09  1.36e-03    7.258233e+01   5.002274e-03

After 6 iterations the fit converged.
final sum of squares of residuals : 24228.2
rel. change during last iteration : -1.30634e-14

degrees of freedom    (FIT_NDF)                        : 3338
rms of residuals      (FIT_STDFIT) = sqrt(WSSR/ndf)    : 2.69413
variance of residuals (reduced chisquare) = WSSR/ndf   : 7.25831

Final set of parameters            Asymptotic Standard Error
=======================            ==========================
a               = 72.5823          +/- 0.09321      (0.1284%)
b               = 0.00500227       +/- 4.835e-05    (0.9665%)

correlation matrix of the fit parameters:
                a      b      
a               1.000 
b              -0.866  1.000 


*******************************************************************************
Tue May  8 04:01:32 2018


FIT:    data read from 'sdf'
        format = z
        #datapoints = 3340
        residuals are weighted equally (unit weight)

function used for fitting: f(x)
	f(x)=a+b*x
fitted parameters initialized with current variable values

iter      chisq       delta/lim  lambda   a             b            
   0 1.1442335455e+10   0.00e+00  1.36e+03    1.000000e+00   1.000000e+00
   6 2.4955010444e+04  -1.52e-09  1.36e-03    7.923463e+01   5.020695e-03

After 6 iterations the fit converged.
final sum of squares of residuals : 24955
rel. change during last iteration : -1.51613e-14

degrees of freedom    (FIT_NDF)                        : 3338
rms of residuals      (FIT_STDFIT) = sqrt(WSSR/ndf)    : 2.73423
variance of residuals (reduced chisquare) = WSSR/ndf   : 7.47604

Final set of parameters            Asymptotic Standard Error
=======================            ==========================
a               = 79.2346          +/- 0.0946       (0.1194%)
b               = 0.00502069       +/- 4.907e-05    (0.9773%)

correlation matrix of the fit parameters:
                a      b      
a               1.000 
b              -0.866  1.000 


*******************************************************************************
Tue May  8 04:01:38 2018


FIT:    data read from 'sdf'
        format = z
        #datapoints = 3340
        residuals are weighted equally (unit weight)

function used for fitting: f(x)
	f(x)=a+b*x
fitted parameters initialized with current variable values

iter      chisq       delta/lim  lambda   a             b            
   0 1.1458300796e+10   0.00e+00  1.36e+03    1.000000e+00   1.000000e+00
   6 2.1796240372e+04  -1.60e-09  1.36e-03    7.614358e+01   5.722668e-03

After 6 iterations the fit converged.
final sum of squares of residuals : 21796.2
rel. change during last iteration : -1.60232e-14

degrees of freedom    (FIT_NDF)                        : 3338
rms of residuals      (FIT_STDFIT) = sqrt(WSSR/ndf)    : 2.55533
variance of residuals (reduced chisquare) = WSSR/ndf   : 6.52973

Final set of parameters            Asymptotic Standard Error
=======================            ==========================
a               = 76.1436          +/- 0.08841      (0.1161%)
b               = 0.00572267       +/- 4.586e-05    (0.8013%)

correlation matrix of the fit parameters:
                a      b      
a               1.000 
b              -0.866  1.000 


*******************************************************************************
Tue May  8 04:01:43 2018


FIT:    data read from 'sdf'
        format = z
        #datapoints = 3340
        residuals are weighted equally (unit weight)

function used for fitting: f(x)
	f(x)=a+b*x
fitted parameters initialized with current variable values

iter      chisq       delta/lim  lambda   a             b            
   0 1.1654059193e+10   0.00e+00  1.36e+03    1.000000e+00   1.000000e+00
   6 9.9153901366e+03  -1.60e-09  1.36e-03    5.175844e+01   8.394973e-03

After 6 iterations the fit converged.
final sum of squares of residuals : 9915.39
rel. change during last iteration : -1.59602e-14

degrees of freedom    (FIT_NDF)                        : 3338
rms of residuals      (FIT_STDFIT) = sqrt(WSSR/ndf)    : 1.7235
variance of residuals (reduced chisquare) = WSSR/ndf   : 2.97046

Final set of parameters            Asymptotic Standard Error
=======================            ==========================
a               = 51.7584          +/- 0.05963      (0.1152%)
b               = 0.00839497       +/- 3.093e-05    (0.3684%)

correlation matrix of the fit parameters:
                a      b      
a               1.000 
b              -0.866  1.000 


*******************************************************************************
Tue May  8 04:01:48 2018


FIT:    data read from 'sdf'
        format = z
        #datapoints = 3340
        residuals are weighted equally (unit weight)

function used for fitting: f(x)
	f(x)=a+b*x
fitted parameters initialized with current variable values

iter      chisq       delta/lim  lambda   a             b            
   0 1.1046812973e+10   0.00e+00  1.36e+03    1.000000e+00   1.000000e+00
   6 4.1535226932e+04  -1.31e-09  1.36e-03    9.528012e+01   1.465567e-02

After 6 iterations the fit converged.
final sum of squares of residuals : 41535.2
rel. change during last iteration : -1.31382e-14

degrees of freedom    (FIT_NDF)                        : 3338
rms of residuals      (FIT_STDFIT) = sqrt(WSSR/ndf)    : 3.52748
variance of residuals (reduced chisquare) = WSSR/ndf   : 12.4431

Final set of parameters            Asymptotic Standard Error
=======================            ==========================
a               = 95.2801          +/- 0.122        (0.1281%)
b               = 0.0146557        +/- 6.33e-05     (0.4319%)

correlation matrix of the fit parameters:
                a      b      
a               1.000 
b              -0.866  1.000 
